********************************************************************************
product = Open Liberty 18.0.0.4 (wlp-1.0.23.cl180420181121-0300)
wlp.install.dir = C:/Users/Bryan/Documents/DistribuidaLiberty/guide-rest-intro/guide-rest-intro/finish/target/liberty/wlp/
java.home = C:\Program Files\Java\jdk1.8.0_181\jre
java.version = 1.8.0_181
java.runtime = Java(TM) SE Runtime Environment (1.8.0_181-b13)
os = Windows 10 (10.0; amd64) (es_EC)
process = 9676@DESKTOP-UOK5UCU
********************************************************************************
[27/01/19 17:41:06:615 COT] 00000001 com.ibm.ws.kernel.launch.internal.FrameworkManager           A CWWKE0001I: El servidor defaultServer se ha lanzado.
[27/01/19 17:41:08:836 COT] 00000001 com.ibm.ws.kernel.launch.internal.FrameworkManager           I CWWKE0002I: El kernel se ha iniciado después de 2,669 segundos
[27/01/19 17:41:09:116 COT] 0000001b com.ibm.ws.kernel.feature.internal.FeatureManager            I CWWKF0007I: La actualización de características se ha iniciado.
[27/01/19 17:41:11:086 COT] 00000013 com.ibm.ws.app.manager.internal.monitor.DropinMonitor        A CWWKZ0058I: Supervisando aplicaciones de dropins.
[27/01/19 17:41:11:142 COT] 00000022 com.ibm.ws.tcpchannel.internal.TCPChannel                    I CWWKO0219I: El canal TCP defaultHttpEndpoint se ha iniciado y ahora está a la escucha de solicitudes en el host *  (IPv6) puerto 9080.
[27/01/19 17:41:11:847 COT] 0000001f com.ibm.ws.app.manager.AppMessageHelper                      I CWWKZ0018I: Iniciando la aplicación rest.
[27/01/19 17:41:12:120 COT] 0000001f m.ibm.ws.container.service.app.deploy.ManifestClassPathUtils W SRVE9967W: No se encuentra la classpath de manifiesto jaxb-api.jar en el archivo jar file:/C:/Users/Bryan/.m2/repository/com/sun/xml/bind/jaxb-core/2.2.11/jaxb-core-2.2.11.jar o su padre.
[27/01/19 17:41:12:155 COT] 0000001f m.ibm.ws.container.service.app.deploy.ManifestClassPathUtils W SRVE9967W: No se encuentra la classpath de manifiesto jaxb-core.jar en el archivo jar file:/C:/Users/Bryan/.m2/repository/com/sun/xml/bind/jaxb-impl/2.2.11/jaxb-impl-2.2.11.jar o su padre.
[27/01/19 17:41:12:742 COT] 0000001f m.ibm.ws.container.service.app.deploy.ManifestClassPathUtils W SRVE9967W: No se encuentra la classpath de manifiesto jaxb-api.jar en el archivo jar file:/C:/Users/Bryan/.m2/repository/com/sun/xml/bind/jaxb-core/2.2.11/jaxb-core-2.2.11.jar o su padre.
[27/01/19 17:41:12:785 COT] 0000001f m.ibm.ws.container.service.app.deploy.ManifestClassPathUtils W SRVE9967W: No se encuentra la classpath de manifiesto jaxb-core.jar en el archivo jar file:/C:/Users/Bryan/.m2/repository/com/sun/xml/bind/jaxb-impl/2.2.11/jaxb-impl-2.2.11.jar o su padre.
[27/01/19 17:41:13:888 COT] 0000001f com.ibm.ws.session.WASSessionCore                            I SESN8501I: El gestor de sesiones no ha encontrado una ubicación de almacenamiento persistente; los objetos HttpSession se almacenarán en la memoria del servidor de aplicaciones local.
[27/01/19 17:41:13:915 COT] 0000001f com.ibm.ws.webcontainer.osgi.webapp.WebGroup                 I SRVE0169I: Cargando módulo web: Liberty Project.
[27/01/19 17:41:13:922 COT] 0000001f com.ibm.ws.webcontainer                                      I SRVE0250I: El módulo web Liberty Project se ha enlazado con default_host.
[27/01/19 17:41:13:924 COT] 0000001f com.ibm.ws.http.internal.VirtualHostImpl                     A CWWKT0016I: Aplicación web disponible (default_host): http://desktop-uok5ucu:9080/LibertyProject/
[27/01/19 17:41:13:934 COT] 0000001f com.ibm.ws.app.manager.AppMessageHelper                      A CWWKZ0001I: La aplicación rest se ha iniciado en 2,088 segundos.
[27/01/19 17:41:13:982 COT] 0000001b com.ibm.ws.kernel.feature.internal.FeatureManager            A CWWKF0012I: El servidor ha instalado las características siguientes: [servlet-4.0, jsonp-1.1, jaxrsClient-2.1, jaxrs-2.1].
[27/01/19 17:41:13:983 COT] 0000001b com.ibm.ws.kernel.feature.internal.FeatureManager            I CWWKF0008I: La actualización de características se ha completado en 5,143 segundos.
[27/01/19 17:41:13:984 COT] 0000001b com.ibm.ws.kernel.feature.internal.FeatureManager            A CWWKF0011I: El servidor defaultServer está preparado para ejecutar un planeta más inteligente.
[27/01/19 17:41:14:100 COT] 00000026 com.ibm.ws.session.WASSessionCore                            I SESN0176I: Se creará un nuevo contexto de sesión para la clave de aplicación default_host/LibertyProject
[27/01/19 17:41:14:126 COT] 00000026 com.ibm.ws.util                                              I SESN0172I: El gestor de sesiones está utilizando la implementación de SecureRandom Java por omisión para la generación del ID de sesión.
[27/01/19 17:41:14:824 COT] 00000027 com.ibm.ws.webcontainer.osgi.mbeans.PluginGenerator          I SRVE9103I: Se ha generado automáticamente un archivo de configuración para un plug-in de servidor web para este servidor en C:\Users\Bryan\Documents\DistribuidaLiberty\guide-rest-intro\guide-rest-intro\finish\target\liberty\wlp\usr\servers\defaultServer\logs\state\plugin-cfg.xml.
[27/01/19 17:41:34:228 COT] 0000003b g.apache.cxf.cxf.core.3.2:1.0.23.cl180420181121-0300(id=87)] I Setting the server's publish address to be /System/
[27/01/19 17:41:34:485 COT] 0000003b com.ibm.ws.webcontainer.servlet                              I SRVE0242I: [rest] [/LibertyProject] [io.openliberty.guides.rest.SystemApplication]: Inicialización satisfactoria.
[27/01/19 20:47:43:714 COT] 000020ff com.ibm.ws.http.internal.VirtualHostImpl                     A CWWKT0017I: Aplicación web eliminada (default_host): http://desktop-uok5ucu:9080/LibertyProject/
[27/01/19 20:47:45:131 COT] 000020ff com.ibm.ws.webcontainer.servlet                              I SRVE0253I: [rest] [/LibertyProject] [io.openliberty.guides.rest.SystemApplication]: Destrucción satisfactoria.
[27/01/19 20:47:45:972 COT] 000020ff com.ibm.ws.app.manager.AppMessageHelper                      A CWWKZ0009I: La aplicación rest se ha detenido correctamente.
[27/01/19 20:47:46:227 COT] 000020ff com.ibm.ws.app.manager.AppMessageHelper                      I CWWKZ0018I: Iniciando la aplicación rest.
[27/01/19 20:47:46:624 COT] 000020ff m.ibm.ws.container.service.app.deploy.ManifestClassPathUtils W SRVE9967W: No se encuentra la classpath de manifiesto jaxb-api.jar en el archivo jar file:/C:/Users/Bryan/.m2/repository/com/sun/xml/bind/jaxb-core/2.2.11/jaxb-core-2.2.11.jar o su padre.
[27/01/19 20:47:46:652 COT] 000020ff m.ibm.ws.container.service.app.deploy.ManifestClassPathUtils W SRVE9967W: No se encuentra la classpath de manifiesto jaxb-core.jar en el archivo jar file:/C:/Users/Bryan/.m2/repository/com/sun/xml/bind/jaxb-impl/2.2.11/jaxb-impl-2.2.11.jar o su padre.
[27/01/19 20:47:46:934 COT] 000020ff m.ibm.ws.container.service.app.deploy.ManifestClassPathUtils W SRVE9967W: No se encuentra la classpath de manifiesto jaxb-api.jar en el archivo jar file:/C:/Users/Bryan/.m2/repository/com/sun/xml/bind/jaxb-core/2.2.11/jaxb-core-2.2.11.jar o su padre.
[27/01/19 20:47:46:943 COT] 000020ff m.ibm.ws.container.service.app.deploy.ManifestClassPathUtils W SRVE9967W: No se encuentra la classpath de manifiesto jaxb-core.jar en el archivo jar file:/C:/Users/Bryan/.m2/repository/com/sun/xml/bind/jaxb-impl/2.2.11/jaxb-impl-2.2.11.jar o su padre.
[27/01/19 20:47:47:388 COT] 00002125 com.ibm.ws.webcontainer.osgi.mbeans.PluginGenerator          I SRVE9103I: Se ha generado automáticamente un archivo de configuración para un plug-in de servidor web para este servidor en C:\Users\Bryan\Documents\DistribuidaLiberty\guide-rest-intro\guide-rest-intro\finish\target\liberty\wlp\usr\servers\defaultServer\logs\state\plugin-cfg.xml.
[27/01/19 20:47:48:402 COT] 000020ff com.ibm.ws.webcontainer.osgi.webapp.WebGroup                 I SRVE0169I: Cargando módulo web: Liberty Project.
[27/01/19 20:47:48:403 COT] 000020ff com.ibm.ws.webcontainer                                      I SRVE0250I: El módulo web Liberty Project se ha enlazado con default_host.
[27/01/19 20:47:48:418 COT] 000020ff com.ibm.ws.http.internal.VirtualHostImpl                     A CWWKT0016I: Aplicación web disponible (default_host): http://desktop-uok5ucu:9080/LibertyProject/
[27/01/19 20:47:48:475 COT] 000020ff com.ibm.ws.app.manager.AppMessageHelper                      A CWWKZ0003I: La aplicación rest se ha actualizado en 2,248 segundos.
[27/01/19 20:47:48:493 COT] 000020f9 com.ibm.ws.session.WASSessionCore                            I SESN0176I: Se creará un nuevo contexto de sesión para la clave de aplicación default_host/LibertyProject
[27/01/19 20:47:48:495 COT] 000020f9 com.ibm.ws.util                                              I SESN0172I: El gestor de sesiones está utilizando la implementación de SecureRandom Java por omisión para la generación del ID de sesión.
[27/01/19 20:47:49:441 COT] 00002125 com.ibm.ws.webcontainer.osgi.mbeans.PluginGenerator          I SRVE9103I: Se ha generado automáticamente un archivo de configuración para un plug-in de servidor web para este servidor en C:\Users\Bryan\Documents\DistribuidaLiberty\guide-rest-intro\guide-rest-intro\finish\target\liberty\wlp\usr\servers\defaultServer\logs\state\plugin-cfg.xml.
[27/01/19 20:48:02:662 COT] 000020f9 com.ibm.ws.config.xml.internal.ConfigRefresher               A CWWKG0016I: Iniciando la actualización de la configuración de servidor.
[27/01/19 20:48:02:961 COT] 000020f9 com.ibm.ws.config.xml.internal.ConfigRefresher               A CWWKG0018I: La configuración de servidor no se ha actualizado. No se han detectado cambios funcionales.
[27/01/19 20:48:09:067 COT] 00002126 com.ibm.ws.config.xml.internal.ConfigRefresher               A CWWKG0016I: Iniciando la actualización de la configuración de servidor.
[27/01/19 20:48:09:096 COT] 00002126 com.ibm.ws.config.xml.internal.ConfigRefresher               A CWWKG0018I: La configuración de servidor no se ha actualizado. No se han detectado cambios funcionales.
[27/01/19 20:48:09:185 COT] 00002124 com.ibm.ws.http.internal.VirtualHostImpl                     A CWWKT0017I: Aplicación web eliminada (default_host): http://desktop-uok5ucu:9080/LibertyProject/
[27/01/19 20:48:09:200 COT] 00002124 com.ibm.ws.app.manager.AppMessageHelper                      A CWWKZ0009I: La aplicación rest se ha detenido correctamente.
[27/01/19 20:48:09:252 COT] 00002124 com.ibm.ws.app.manager.AppMessageHelper                      I CWWKZ0018I: Iniciando la aplicación rest.
[27/01/19 20:48:09:315 COT] 00002124 m.ibm.ws.container.service.app.deploy.ManifestClassPathUtils W SRVE9967W: No se encuentra la classpath de manifiesto jaxb-api.jar en el archivo jar file:/C:/Users/Bryan/.m2/repository/com/sun/xml/bind/jaxb-core/2.2.11/jaxb-core-2.2.11.jar o su padre.
[27/01/19 20:48:09:374 COT] 00002124 m.ibm.ws.container.service.app.deploy.ManifestClassPathUtils W SRVE9967W: No se encuentra la classpath de manifiesto jaxb-core.jar en el archivo jar file:/C:/Users/Bryan/.m2/repository/com/sun/xml/bind/jaxb-impl/2.2.11/jaxb-impl-2.2.11.jar o su padre.
[27/01/19 20:48:09:744 COT] 00002124 m.ibm.ws.container.service.app.deploy.ManifestClassPathUtils W SRVE9967W: No se encuentra la classpath de manifiesto jaxb-api.jar en el archivo jar file:/C:/Users/Bryan/.m2/repository/com/sun/xml/bind/jaxb-core/2.2.11/jaxb-core-2.2.11.jar o su padre.
[27/01/19 20:48:09:772 COT] 00002124 m.ibm.ws.container.service.app.deploy.ManifestClassPathUtils W SRVE9967W: No se encuentra la classpath de manifiesto jaxb-core.jar en el archivo jar file:/C:/Users/Bryan/.m2/repository/com/sun/xml/bind/jaxb-impl/2.2.11/jaxb-impl-2.2.11.jar o su padre.
[27/01/19 20:48:10:419 COT] 00002121 com.ibm.ws.webcontainer.osgi.mbeans.PluginGenerator          I SRVE9103I: Se ha generado automáticamente un archivo de configuración para un plug-in de servidor web para este servidor en C:\Users\Bryan\Documents\DistribuidaLiberty\guide-rest-intro\guide-rest-intro\finish\target\liberty\wlp\usr\servers\defaultServer\logs\state\plugin-cfg.xml.
[27/01/19 20:48:11:030 COT] 00002124 com.ibm.ws.webcontainer.osgi.webapp.WebGroup                 I SRVE0169I: Cargando módulo web: Liberty Project.
[27/01/19 20:48:11:030 COT] 00002124 com.ibm.ws.webcontainer                                      I SRVE0250I: El módulo web Liberty Project se ha enlazado con default_host.
[27/01/19 20:48:11:030 COT] 00002124 com.ibm.ws.http.internal.VirtualHostImpl                     A CWWKT0016I: Aplicación web disponible (default_host): http://desktop-uok5ucu:9080/LibertyProject/
[27/01/19 20:48:11:032 COT] 00002124 com.ibm.ws.app.manager.AppMessageHelper                      A CWWKZ0003I: La aplicación rest se ha actualizado en 1,780 segundos.
[27/01/19 20:48:11:048 COT] 00002125 com.ibm.ws.session.WASSessionCore                            I SESN0176I: Se creará un nuevo contexto de sesión para la clave de aplicación default_host/LibertyProject
[27/01/19 20:48:11:049 COT] 00002125 com.ibm.ws.util                                              I SESN0172I: El gestor de sesiones está utilizando la implementación de SecureRandom Java por omisión para la generación del ID de sesión.
[27/01/19 20:48:11:193 COT] 00002126 com.ibm.ws.webcontainer.osgi.mbeans.PluginGenerator          I SRVE9103I: Se ha generado automáticamente un archivo de configuración para un plug-in de servidor web para este servidor en C:\Users\Bryan\Documents\DistribuidaLiberty\guide-rest-intro\guide-rest-intro\finish\target\liberty\wlp\usr\servers\defaultServer\logs\state\plugin-cfg.xml.
[27/01/19 20:48:11:640 COT] 00002124 com.ibm.ws.webcontainer.osgi.mbeans.PluginGenerator          I SRVE9103I: Se ha generado automáticamente un archivo de configuración para un plug-in de servidor web para este servidor en C:\Users\Bryan\Documents\DistribuidaLiberty\guide-rest-intro\guide-rest-intro\finish\target\liberty\wlp\usr\servers\defaultServer\logs\state\plugin-cfg.xml.
[27/01/19 20:48:17:979 COT] 00002123 g.apache.cxf.cxf.core.3.2:1.0.23.cl180420181121-0300(id=87)] I Setting the server's publish address to be /System/
[27/01/19 20:48:18:118 COT] 00002123 com.ibm.ws.webcontainer.servlet                              I SRVE0242I: [rest] [/LibertyProject] [io.openliberty.guides.rest.SystemApplication]: Inicialización satisfactoria.
[27/01/19 20:48:20:025 COT] 00000011 com.ibm.ws.kernel.launch.internal.ServerCommandListener      A CWWKE0055I: Conclusión del servidor solicitada el domingo 27 de enero de 2019 a las 20:48. El servidor defaultServer se está cerrando.
[27/01/19 20:48:20:032 COT] 0000212b com.ibm.ws.runtime.update.internal.RuntimeUpdateManagerImpl  A CWWKE1100I: Esperando hasta 30 segundos para que el servidor se desactive temporalmente.
[27/01/19 20:48:20:742 COT] 0000211d com.ibm.ws.tcpchannel.internal.TCPChannel                    I CWWKO0220I: El canal TCP defaultHttpEndpoint ha detenido la escucha de solicitudes en el host *  (IPv6) puerto 9080.
[27/01/19 20:48:20:748 COT] 0000211d com.ibm.ws.http.internal.VirtualHostImpl                     A CWWKT0017I: Aplicación web eliminada (default_host): http://desktop-uok5ucu:9080/LibertyProject/
[27/01/19 20:48:21:781 COT] 0000212b com.ibm.ws.runtime.update.internal.RuntimeUpdateManagerImpl  I CWWKE1101I: La desactivación temporal del servidor ha finalizado.
[27/01/19 20:48:21:964 COT] 00002124 com.ibm.ws.webcontainer.servlet                              I SRVE0253I: [rest] [/LibertyProject] [io.openliberty.guides.rest.SystemApplication]: Destrucción satisfactoria.
[27/01/19 20:48:21:989 COT] 00002124 com.ibm.ws.app.manager.AppMessageHelper                      A CWWKZ0009I: La aplicación rest se ha detenido correctamente.
[27/01/19 20:48:23:855 COT] 00000001 com.ibm.ws.kernel.launch.internal.FrameworkManager           A CWWKE0036I: El servidor defaultServer se ha detenido después de 3 horas, 7 minutos, 17,69 segundos.
